MHT633 12C 780 0 780
11118111111111111111411111111111111111118111216111111112222222282322222222222822222C222527222222222327222125223333933343B333933333331333433333133333333333336333C3C334444444464644444344444444444A44444A444444444448444447445555A555C55555555555A535555525551555
557555552555558565566966666366666661666666666566666669666366666665666C66667777777747777777777777B77777577777C77777C7777777776727788288888288888888888288888B8888888888888888848B8888858899397999796999B99999A99999B99999A9399939999999999999999AAAAAAAACA9AAA5A9
AAAAA5AAA4ABAAAAA5AAAAAAAAAAACAAAAAAAABB9BBBBBBB9BBBABBBBBBBBBBBBBBBBB5BBBBBBBBBBB2B9BBB8BBBBCC2C7CCCCC6CCCACCCCCCCCCCCCCACCC2C4CCCCCCCCC3CCCCCCC9CC
#time 1177
#CRC 5115262713501784223
*
m| m[ 752 1263 203 1265 201 1263 203 1265 201 1263 203 1265 201 1652 203 
1263 201 1265 203 1263 201 1265 203 1263 201 1265 1650 750 1428 752 1652 
1263 203 1265 201 1263 203 1265 201 1263 203 1265 201 1650 203 1263 201 
1265 203 1263 201 1265 203 1263 201 1265 750 1430 m] m[ 1817 1320 167 
1322 165 1320 167 1322 165 1320 167 1322 165 1283 167 1320 165 1322 167 
1320 165 1322 167 1320 165 1322 1281 1815 1650 1817 1283 1320 167 1322 165 
1320 167 1322 165 1320 167 1322 165 1281 167 1320 165 1322 167 1320 165 
1322 167 1320 165 1322 1815 1652 m] m[ 752 1869 221 1871 219 1869 221 
1871 219 1869 221 1871 219 1283 221 1869 219 1871 221 1869 219 1871 221 
1869 219 1871 1281 750 513 752 1283 1869 221 1871 219 1869 221 1871 219 
1869 221 1871 219 1281 221 1869 219 1871 221 1869 219 1871 221 1869 219 
1871 750 515 m] m[ 1229 1593 1742 1595 1740 1593 1742 1595 1740 1593 1742 
1595 1740 734 1742 1593 1740 1595 1742 1593 1740 1595 1742 1593 1740 1595 732 
1227 1062 1229 734 1593 1742 1595 1740 1593 1742 1595 1740 1593 1742 1595 1740 
732 1742 1593 1740 1595 1742 1593 1740 1595 1742 1593 1740 1595 1227 1064 m] 
m[ 476 786 1907 788 1905 786 1907 788 1905 786 1907 788 1905 311 1907 
786 1905 788 1907 786 1905 788 1907 786 1905 788 309 474 1134 476 311 
786 1907 788 1905 786 1907 788 1905 786 1907 788 1905 309 1907 786 1905 
788 1907 786 1905 788 1907 786 1905 788 474 1136 m] m[ 350 1833 623 
1835 621 1833 623 1835 621 1833 623 1835 621 203 623 1833 621 1835 623 
1833 621 1835 623 1833 621 1835 201 348 1263 350 203 1833 623 1835 621 
1833 623 1835 621 1833 623 1835 621 201 623 1833 621 1835 623 1833 621 
1835 623 1833 621 1835 348 1265 m] m[ 1835 1392 1064 1394 1062 1392 1064 
1394 1062 1392 1064 1394 1062 275 1064 1392 1062 1394 1064 1392 1062 1394 1064 
1392 1062 1394 273 1833 90 1835 275 1392 1064 1394 1062 1392 1064 1394 1062 
1392 1064 1394 1062 273 1064 1392 1062 1394 1064 1392 1062 1394 1064 1392 1062 
1394 1833 92 m] m[ 1064 1446 1742 1448 1740 1446 1742 1448 1740 1446 1742 
1448 1740 239 1742 1446 1740 1448 1742 1446 1740 1448 1742 1446 1740 1448 237 
1062 1227 1064 239 1446 1742 1448 1740 1446 1742 1448 1740 1446 1742 1448 1740 
237 1742 1446 1740 1448 1742 1446 1740 1448 1742 1446 1740 1448 1062 1229 m] 
m[ 20 804 476 806 474 804 476 806 474 804 476 806 474 185 476 
804 474 806 476 804 474 806 476 804 474 806 183 18 1740 20 185 
804 476 806 474 804 476 806 474 804 476 806 474 183 476 804 474 
806 476 804 474 806 476 804 474 806 18 1742 m] m[ 2 474 311 
476 309 474 311 476 309 474 311 476 309 752 311 474 309 476 311 
474 309 476 311 474 309 476 750 0 1650 2 752 474 311 476 309 
474 311 476 309 474 311 476 309 750 311 474 309 476 311 474 309 
476 311 474 309 476 0 1652 m] m[ 827 366 2 368 0 366 2 
368 0 366 2 368 0 662 2 366 0 368 2 366 0 368 2 
366 0 368 660 825 1485 827 662 366 2 368 0 366 2 368 0 
366 2 368 0 660 2 366 0 368 2 366 0 368 2 366 0 
368 825 1487 m] m[ 476 1575 1835 1577 1833 1575 1835 1577 1833 1575 1835 
1577 1833 806 1835 1575 1833 1577 1835 1575 1833 1577 1835 1575 1833 1577 804 
474 1299 476 806 1575 1835 1577 1833 1575 1835 1577 1833 1575 1835 1577 1833 
804 1835 1575 1833 1577 1835 1575 1833 1577 1835 1575 1833 1577 474 1301 m] 
m[ 458 1905 935 1907 933 1905 935 1907 933 1905 935 1907 933 605 935 
1905 933 1907 935 1905 933 1907 935 1905 933 1907 603 456 1026 458 605 
1905 935 1907 933 1905 935 1907 933 1905 935 1907 933 603 935 1905 933 
1907 935 1905 933 1907 935 1905 933 1907 456 1028 m] 
