MHT633 12C 3426 120 3426
14B587118C611323221643A11C19831149B311A11C13926914C99712167322816B72B94BB2946332B49B12654142732B52642642C5641234349331638736BA6C3C12BA3BC67631548A319A6C3B574A378395341CC354554434747B243A4B441552541A46C4799A248A17944C663455CA8754592752887351B291556AA9594C17
53598151A5755B5A36569C257682C7C6635C562CAA6662B5467CB756626566239336796B767552627316BB7B4C737C44C975A816737AA774CB8A725815713AAB78338B8881278881A2788987888274688985888C54C891CA6886898892791991642A97698994216B997BC791A6969B775395C92294CA499A27C93AA984AABCB2
AA2CA39AC4B92A2285AABA8AAA1B3BAACC518AB43374BB1BBBB69725BB998AB7A431B22A83B65A1AB46C8BBC3534BC3B5A7C12572CA858CC31B28C26C79C23C7CCB168BCC8935C44C65C
#time 6557799
#CRC 6835545114437019035
*
1616 1239 1661 1433 543 1253 939 1793 344 141 764 101 1671 273 567 800 
1712 1041 1247 311 1604 300 480 1220 126 446 1271 1547 1464 1728 407 431 
59 1659 1241 626 966 1889 626 596 189 803 1338 1187 195 1955 818 860 
1923 1712 666 1467 20 1091 510 1547 725 228 1964 78 1151 1607 1110 582 
1788 1316 117 1865 1833 1386 1677 1892 738 1644 1953 146 99 1262 207 179 
546 986 158 666 639 1658 530 1463 1374 890 257 99 477 306 990 191 
924 503 1689 366 1020 1025 581 6 1347 1416 300 1244 914 1767 762 1014 
927 1766 365 1056 1425 1683 944 1005 m| 2 1166 1175 1175 1175 1175 1175 497 
m[ 201 38 203 36 m] m[ 1704 203 1706 201 m] m[ 732 239 734 
237 m] m[ 1557 734 1559 732 m] m[ 716 1923 714 1925 m] 1559 m[ 
734 1557 732 1559 m] 1557 m[ 146 1191 144 1193 144 770 146 768 m] 
m[ 825 662 827 660 m] m[ 144 770 146 768 m] m[ 146 1191 144 
1193 144 770 146 768 m] m[ 1157 660 1155 662 m] m[ 662 825 660 
827 660 1157 662 1155 m] m[ 752 1281 750 1283 750 1817 752 1815 m] 
m[ 531 185 533 183 m] m[ 1247 291 1245 293 m] m[ 293 1851 291 
1853 291 1247 293 1245 m] m[ 1322 330 1320 332 m] 1320 m[ 165 1322 
167 1320 m] m[ 167 1155 165 1157 165 1322 167 1320 m] 1322 1835 m[ 
1833 275 1835 273 m] 1833 m[ 1833 275 1835 273 m] m[ 933 1907 935 
1905 m] m[ 167 990 165 992 m] 165 m[ 165 497 167 495 m] 167 
m[ 167 990 165 992 165 497 167 495 m] m[ 752 1815 750 1817 m] 
m[ 513 1817 515 1815 m] m[ 386 585 384 587 m] m[ 1485 332 1487 
330 m] m[ 1487 495 1485 497 1485 332 1487 330 m] 330 m[ 1485 332 
1487 330 m] 332 m[ 1905 1505 1907 1503 m] m[ 1907 549 1905 551 1905 
1505 1907 1503 m] m[ 1905 1358 1907 1356 m] 1907 m[ 1505 1905 1503 1907 
m] m[ 1907 549 1905 551 1905 1505 1907 1503 m] 1905 m[ 1505 786 1503 
788 m] 1575 m[ 1758 1577 1760 1575 m] 1577 1062 m[ 732 1064 734 1062 
m] m[ 734 237 732 239 732 1064 734 1062 m] 1064 m[ 1064 897 1062 
899 m] m[ 1046 750 1044 752 m] 660 m[ 273 698 275 696 m] 662 
293 m[ 56 438 54 440 m] 291 m[ 1851 1541 1853 1539 m] 188 293 
m[ 440 1851 438 1853 m] 291 186 m[ 1322 330 1320 332 m] m[ 1686 
1523 1688 1521 m] 1374 m[ 1118 1794 1116 1796 m] m[ 1796 1338 1794 1340 
1794 1118 1796 1116 m] 1376 m[ 1098 1523 1100 1521 m] 146 m[ 1595 1446 
1593 1448 m] m[ 1448 18 1446 20 1446 1595 1448 1593 m] 144 m[ 933 
1358 935 1356 m] m[ 1503 1907 1505 1905 m] 845 845 969 m[ 1374 1835 
1376 1833 m] 971 843 843 m[ 1008 1853 1010 1851 m] 83 36 72 m[ 
1080 881 1082 879 m] m[ 1082 36 1080 38 1080 881 1082 879 m] 74 
38 81 678 678 m[ 845 1758 843 1760 m] 680 680 1686 1686 1686 m[ 
1410 458 1412 456 m] m[ 1412 1722 1410 1724 1410 458 1412 456 m] 1688 
1688 1688 1742 m[ 458 1410 456 1412 m] m[ 1412 1722 1410 1724 1410 458 
1412 456 m] 1740 1412 m[ 1410 458 1412 456 m] 1410 1670 1778 1794 m[ 
786 1505 788 1503 m] m[ 788 1668 786 1670 786 1505 788 1503 m] 1796 
1776 1668 1044 m[ 1046 1428 1044 1430 m] m[ 1430 1650 1428 1652 1428 1046 
1430 1044 m] 1046 714 714 m[ 332 825 330 827 m] m[ 827 660 825 
662 825 332 827 330 m] 716 716 804 804 m[ 1817 366 1815 368 m] 
m[ 368 750 366 752 366 1817 368 1815 m] 806 806 m[ 1817 366 1815 
368 m] 716 716 m[ 474 1631 476 1629 m] 714 714 m[ 1943 1080 1941 
1082 m] 1923 m[ 1961 768 1959 770 m] m[ 770 384 768 386 768 1961 
770 1959 m] 1925 951 917 m[ 402 1394 404 1392 m] m[ 404 897 402 
899 402 1394 404 1392 m] 915 953 917 m[ 1394 402 1392 404 m] m[ 
404 897 402 899 402 1394 404 1392 m] 915 1835 m[ 1028 1410 1026 1412 
m] m[ 1412 1887 1410 1889 1410 1028 1412 1026 m] 1833 m[ 992 1485 990 
1487 m] m[ 1487 1320 1485 1322 1485 992 1487 990 m] 1322 m[ 992 1485 
990 1487 m] m[ 1487 1320 1485 1322 1485 992 1487 990 m] 1320 m[ 1485 
992 1487 990 m] 1376 1376 1376 m[ 992 1485 990 1487 m] 1374 1374 1374 
m[ 992 1485 990 1487 m] 1118 1118 1118 m[ 992 1485 990 1487 m] 1116 
1116 1116 m[ 1853 1539 1851 1541 1851 1010 1853 1008 m] m[ 1008 1541 1010 
1539 m] m[ 1010 1851 1008 1853 1008 1541 1010 1539 m] 1851 m[ 1008 1541 
1010 1539 m] m[ 1010 1851 1008 1853 1008 1541 1010 1539 m] 1853 1299 1299 
1175 m[ 953 1815 1430 1817 1428 1815 1430 1817 1428 1815 1430 1817 1428 1100 
1430 1815 1428 1817 1430 1815 1428 1817 1430 1815 1428 1817 1098 951 m] 1173 
1301 1301 m[ 1670 660 1157 662 1155 660 1157 662 1155 660 1157 662 1155 
1505 1157 660 1155 662 1157 660 1155 662 1157 660 1155 662 1503 1668 866 
1670 1505 660 1157 662 1155 660 1157 662 1155 660 1157 662 1155 1503 1157 
660 1155 662 1157 660 1155 662 1157 660 1155 662 1668 864 m] 1209 1209 
1229 m[ 680 1686 953 1688 951 1686 953 1688 951 1686 953 1688 951 458 
953 1686 951 1688 953 1686 951 1688 953 1686 951 1688 456 678 m] 1227 
1211 1211 m[ 1631 1209 1889 1211 1887 1209 1889 1211 1887 1209 1889 1211 1887 
641 1889 1209 1887 1211 1889 1209 1887 1211 1889 1209 1887 1211 639 1629 797 
1631 641 1209 1889 1211 1887 1209 1889 1211 1887 1209 1889 1211 1887 639 1889 
1209 1887 1211 1889 1209 1887 1211 1889 1209 1887 1211 1629 795 m] 1301 m[ 
806 1136 1611 1943 1613 1941 1611 1943 1613 1941 1611 1943 1613 1941 1134 1943 
1611 1941 1613 1943 1611 1941 1613 1943 1611 1941 1613 804 m] m[ 806 1611 
1943 1613 1941 1611 1943 1613 1941 1611 1943 1613 1941 1136 1943 1611 1941 1613 
1943 1611 1941 1613 1943 1611 1941 1613 1134 804 1316 806 1136 1611 1943 1613 
1941 1611 1943 1613 1941 1611 1943 1613 1941 1134 1943 1611 1941 1613 1943 1611 
1941 1613 1943 1611 1941 1613 804 1314 m] 1299 1310 1193 m[ 806 1611 1943 
1613 1941 1611 1943 1613 1941 1611 1943 1613 1941 1136 1943 1611 1941 1613 1943 
1611 1941 1613 1943 1611 1941 1613 1134 804 m] 1191 1308 m[ 1229 1394 1412 
1211 680 1686 953 1688 951 1686 953 1688 951 1686 953 1688 951 458 953 
1686 951 1688 953 1686 951 1688 953 1686 951 1688 456 678 1220 680 458 
1686 953 1688 951 1686 953 1688 951 1686 953 1688 951 456 953 1686 951 
1688 953 1686 951 1688 953 1686 951 1688 678 1218 1209 1410 1392 1227 1220 
680 1686 953 1688 951 1686 953 1688 951 1686 953 1688 951 458 953 1686 
951 1688 953 1686 951 1688 953 1686 951 1688 456 678 1218 680 458 1686 
953 1688 951 1686 953 1688 951 1686 953 1688 951 456 953 1686 951 1688 
953 1686 951 1688 953 1686 951 1688 678 m] 1157 1157 1157 m[ 1340 386 
36 1613 38 1611 36 1613 38 1611 36 1613 38 1611 384 1613 36 1611 
38 1613 36 1611 38 1613 36 1611 38 1338 m] m[ 1340 36 1613 38 
1611 36 1613 38 1611 36 1613 38 1611 386 1613 36 1611 38 1613 36 
1611 38 1613 36 1611 38 384 1338 1202 1340 386 36 1613 38 1611 36 
1613 38 1611 36 1613 38 1611 384 1613 36 1611 38 1613 36 1611 38 
1613 36 1611 38 1338 1200 m] m[ 1340 36 1613 38 1611 36 1613 38 
1611 36 1613 38 1611 386 1613 36 1611 38 1613 36 1611 38 1613 36 
1611 38 384 1338 1202 1340 386 36 1613 38 1611 36 1613 38 1611 36 
1613 38 1611 384 1613 36 1611 38 1613 36 1611 38 1613 36 1611 38 
1338 1200 1157 497 587 1193 1202 1340 36 1613 38 1611 36 1613 38 1611 
36 1613 38 1611 386 1613 36 1611 38 1613 36 1611 38 1613 36 1611 
38 384 1338 1200 1340 386 36 1613 38 1611 36 1613 38 1611 36 1613 
38 1611 384 1613 36 1611 38 1613 36 1611 38 1613 36 1611 38 1338 
1191 585 495 1155 m] 1155 1155 1155 m[ 1340 386 36 1613 38 1611 36 
1613 38 1611 36 1613 38 1611 384 1613 36 1611 38 1613 36 1611 38 
1613 36 1611 38 1338 m] 1191 1191 m[ 1340 36 1613 38 1611 36 1613 
38 1611 36 1613 38 1611 386 1613 36 1611 38 1613 36 1611 38 1613 
36 1611 38 384 1338 m] m[ 1157 497 587 1193 1340 36 1613 38 1611 
36 1613 38 1611 36 1613 38 1611 386 1613 36 1611 38 1613 36 1611 
38 1613 36 1611 38 384 1338 1202 1340 386 36 1613 38 1611 36 1613 
38 1611 36 1613 38 1611 384 1613 36 1611 38 1613 36 1611 38 1613 
36 1611 38 1338 1200 1191 585 495 1155 1202 1340 36 1613 38 1611 36 
1613 38 1611 36 1613 38 1611 386 1613 36 1611 38 1613 36 1611 38 
1613 36 1611 38 384 1338 1200 1340 386 36 1613 38 1611 36 1613 38 
1611 36 1613 38 1611 384 1613 36 1611 38 1613 36 1611 38 1613 36 
1611 38 1338 m] 1193 1193 1193 1193 m[ 1322 992 1539 56 1541 54 1539 
56 1541 54 1539 56 1541 54 990 56 1539 54 1541 56 1539 54 1541 
56 1539 54 1541 1320 m] m[ 1322 1539 56 1541 54 1539 56 1541 54 
1539 56 1541 54 992 56 1539 54 1541 56 1539 54 1541 56 1539 54 
1541 990 1320 1202 1322 992 1539 56 1541 54 1539 56 1541 54 1539 56 
1541 54 990 56 1539 54 1541 56 1539 54 1541 56 1539 54 1541 1320 
1200 m] m[ 1193 770 662 1157 1322 1539 56 1541 54 1539 56 1541 54 
1539 56 1541 54 992 56 1539 54 1541 56 1539 54 1541 56 1539 54 
1541 990 1320 1202 1322 992 1539 56 1541 54 1539 56 1541 54 1539 56 
1541 54 990 56 1539 54 1541 56 1539 54 1541 56 1539 54 1541 1320 
1200 1155 660 768 1191 1202 1322 1539 56 1541 54 1539 56 1541 54 1539 
56 1541 54 992 56 1539 54 1541 56 1539 54 1541 56 1539 54 1541 
990 1320 1200 1322 992 1539 56 1541 54 1539 56 1541 54 1539 56 1541 
54 990 56 1539 54 1541 56 1539 54 1541 56 1539 54 1541 1320 m] 
1191 1191 1250 1193 m[ 1322 1539 56 1541 54 1539 56 1541 54 1539 56 
1541 54 992 56 1539 54 1541 56 1539 54 1541 56 1539 54 1541 990 
1320 m] 1191 1248 m[ 1358 879 1265 881 1263 879 1265 881 1263 879 1265 
881 1263 1670 1265 879 1263 881 1265 879 1263 881 1265 879 1263 881 1668 
1356 1898 1358 1670 879 1265 881 1263 879 1265 881 1263 879 1265 881 1263 
1668 1265 879 1263 881 1265 879 1263 881 1265 879 1263 881 1356 1896 m] 
1211 1211 m[ 74 1028 567 899 569 897 567 899 569 897 567 899 569 
897 1026 899 567 897 569 899 567 897 569 899 567 897 569 72 m] 
m[ 74 567 899 569 897 567 899 569 897 567 899 569 897 1028 899 
567 897 569 899 567 897 569 899 567 897 569 1026 72 1226 74 1028 
567 899 569 897 567 899 569 897 567 899 569 897 1026 899 567 897 
569 899 567 897 569 899 567 897 569 72 1224 m] m[ 1265 1706 1724 
1211 74 567 899 569 897 567 899 569 897 567 899 569 897 1028 899 
567 897 569 899 567 897 569 899 567 897 569 1026 72 1226 74 1028 
567 899 569 897 567 899 569 897 567 899 569 897 1026 899 567 897 
569 899 567 897 569 899 567 897 569 72 1224 1209 1722 1704 1263 1226 
74 567 899 569 897 567 899 569 897 567 899 569 897 1028 899 567 
897 569 899 567 897 569 899 567 897 569 1026 72 1224 74 1028 567 
899 569 897 567 899 569 897 567 899 569 897 1026 899 567 897 569 
899 567 897 569 899 567 897 569 72 m] 1209 1209 m[ 38 350 969 
641 971 639 969 641 971 639 969 641 971 639 348 641 969 639 971 
641 969 639 971 641 969 639 971 36 m] m[ 38 969 641 971 639 
969 641 971 639 969 641 971 639 350 641 969 639 971 641 969 639 
971 641 969 639 971 348 36 1226 38 350 969 641 971 639 969 641 
971 639 969 641 971 639 348 641 969 639 971 641 969 639 971 641 
969 639 971 36 1224 m] m[ 1211 1889 1943 1265 38 969 641 971 639 
969 641 971 639 969 641 971 639 350 641 969 639 971 641 969 639 
971 641 969 639 971 348 36 1226 38 350 969 641 971 639 969 641 
971 639 969 641 971 639 348 641 969 639 971 641 969 639 971 641 
969 639 971 36 1224 1263 1941 1887 1209 1226 38 969 641 971 639 969 
641 971 639 969 641 971 639 350 641 969 639 971 641 969 639 971 
641 969 639 971 348 36 1224 38 350 969 641 971 639 969 641 971 
639 969 641 971 639 348 641 969 639 971 641 969 639 971 641 969 
639 971 36 m] m[ 827 332 585 146 587 144 585 146 587 144 585 
146 587 144 330 146 585 144 587 146 585 144 587 146 585 144 587 
825 m] 1193 1193 1193 m[ 827 585 146 587 144 585 146 587 144 585 
146 587 144 332 146 585 144 587 146 585 144 587 146 585 144 587 
330 825 m] 1191 1191 1191 1193 1193 1193 m[ 827 585 146 587 144 585 
146 587 144 585 146 587 144 332 146 585 144 587 146 585 144 587 
146 585 144 587 330 825 1280 827 332 585 146 587 144 585 146 587 
144 585 146 587 144 330 146 585 144 587 146 585 144 587 146 585 
144 587 825 1278 m] 1191 1191 1191 1211 1211 m[ 680 1686 953 1688 951 
1686 953 1688 951 1686 953 1688 951 458 953 1686 951 1688 953 1686 951 
1688 953 1686 951 1688 456 678 m] m[ 680 1686 953 1688 951 1686 953 
1688 951 1686 953 1688 951 458 953 1686 951 1688 953 1686 951 1688 953 
1686 951 1688 456 678 1220 680 458 1686 953 1688 951 1686 953 1688 951 
1686 953 1688 951 456 953 1686 951 1688 953 1686 951 1688 953 1686 951 
1688 678 1218 m] m[ 680 1686 953 1688 951 1686 953 1688 951 1686 953 
1688 951 458 953 1686 951 1688 953 1686 951 1688 953 1686 951 1688 456 
678 1220 680 458 1686 953 1688 951 1686 953 1688 951 1686 953 1688 951 
456 953 1686 951 1688 953 1686 951 1688 953 1686 951 1688 678 1218 1229 
1394 1412 1211 1220 680 1686 953 1688 951 1686 953 1688 951 1686 953 1688 
951 458 953 1686 951 1688 953 1686 951 1688 953 1686 951 1688 456 678 
1218 680 458 1686 953 1688 951 1686 953 1688 951 1686 953 1688 951 456 
953 1686 951 1688 953 1686 951 1688 953 1686 951 1688 678 1209 1410 1392 
1227 m] 1209 1209 1166 1155 m[ 605 458 54 863 56 861 54 863 56 
861 54 863 56 861 456 863 54 861 56 863 54 861 56 863 54 
861 56 603 m] m[ 605 54 863 56 861 54 863 56 861 54 863 
56 861 458 863 54 861 56 863 54 861 56 863 54 861 56 456 
603 1172 605 458 54 863 56 861 54 863 56 861 54 863 56 861 
456 863 54 861 56 863 54 861 56 863 54 861 56 603 1170 1157 
662 680 1211 1172 605 54 863 56 861 54 863 56 861 54 863 56 
861 458 863 54 861 56 863 54 861 56 863 54 861 56 456 603 
1170 605 458 54 863 56 861 54 863 56 861 54 863 56 861 456 
863 54 861 56 863 54 861 56 863 54 861 56 603 1209 678 660 
1155 m] 1157 1164 1209 1209 1157 m[ 605 54 863 56 861 54 863 56 
861 54 863 56 861 458 863 54 861 56 863 54 861 56 863 54 
861 56 456 603 m] 1155 1211 1211 1155 1155 1211 m[ 605 458 54 863 
56 861 54 863 56 861 54 863 56 861 456 863 54 861 56 863 
54 861 56 863 54 861 56 603 m] m[ 605 54 863 56 861 54 
863 56 861 54 863 56 861 458 863 54 861 56 863 54 861 56 
863 54 861 56 456 603 1172 605 458 54 863 56 861 54 863 56 
861 54 863 56 861 456 863 54 861 56 863 54 861 56 863 54 
861 56 603 1170 m] 1209 1157 1157 m[ 1394 1064 291 1778 293 1776 291 
1778 293 1776 291 1778 293 1776 1062 1778 291 1776 293 1778 291 1776 293 
1778 291 1776 293 1392 m] 1238 1227 m[ 1394 291 1778 293 1776 291 1778 
293 1776 291 1778 293 1776 1064 1778 291 1776 293 1778 291 1776 293 1778 
291 1776 293 1062 1392 m] m[ 1394 291 1778 293 1776 291 1778 293 1776 
291 1778 293 1776 1064 1778 291 1776 293 1778 291 1776 293 1778 291 1776 
293 1062 1392 1244 1394 1064 291 1778 293 1776 291 1778 293 1776 291 1778 
293 1776 1062 1778 291 1776 293 1778 291 1776 293 1778 291 1776 293 1392 
1242 m] m[ 1283 752 734 1229 1394 291 1778 293 1776 291 1778 293 1776 
291 1778 293 1776 1064 1778 291 1776 293 1778 291 1776 293 1778 291 1776 
293 1062 1392 1244 1394 1064 291 1778 293 1776 291 1778 293 1776 291 1778 
293 1776 1062 1778 291 1776 293 1778 291 1776 293 1778 291 1776 293 1392 
1242 1227 732 750 1281 1244 1394 291 1778 293 1776 291 1778 293 1776 291 
1778 293 1776 1064 1778 291 1776 293 1778 291 1776 293 1778 291 1776 293 
1062 1392 1242 1394 1064 291 1778 293 1776 291 1778 293 1776 291 1778 293 
1776 1062 1778 291 1776 293 1778 291 1776 293 1778 291 1776 293 1392 m] 
1229 1236 
