MHT633 8C 2276 0 2276
1262311151251131811253711111361171211171711224127223272216782226262222262223247226212237432333433333837633836337116333838335863334424444434244424444414644464744414444474344555585554562551355535355558542551585556525567458663256666363667564666563666867366661
5676575777372777177777574177778671415776175678818288828888838788848288878188818588878188
#time 18589758
#CRC 17650611880425036693
*
m| 41 m[ 38 221 405 219 407 38 405 221 407 219 38 221 405 219 
407 38 405 221 407 219 38 221 405 219 407 38 405 221 407 219 
38 221 405 219 407 54 407 56 405 m] 552 441 m[ 110 497 975 
495 977 110 975 497 977 495 110 497 975 495 977 110 975 497 977 
495 110 497 975 495 977 110 975 497 977 495 110 497 975 495 977 
18 977 20 975 m] 443 554 552 642 441 m[ 497 975 495 977 18 
977 20 975 m] 443 515 554 m[ 74 848 735 846 737 74 735 848 
737 846 74 848 735 846 737 74 735 848 737 846 74 848 735 846 
737 74 735 848 737 846 74 848 735 846 737 0 737 2 735 m] 
905 m[ 986 387 368 0 366 2 368 0 366 2 368 0 366 2 
389 0 368 2 366 0 368 2 366 0 368 2 366 984 m] 903 
m[ 101 812 276 810 278 812 276 810 278 812 276 810 278 975 276 
812 278 810 276 812 278 810 276 812 278 810 977 99 23 101 975 
812 276 810 278 812 276 810 278 812 276 810 278 977 276 812 278 
810 276 812 278 810 276 812 278 810 99 23 m] 18 m[ 101 812 
276 810 278 812 276 810 278 812 276 810 278 975 276 812 278 810 
276 812 278 810 276 812 278 810 977 99 23 101 975 812 276 810 
278 812 276 810 278 812 276 810 278 977 276 812 278 810 276 812 
278 810 276 812 278 810 99 23 m] 20 m[ 932 570 203 276 201 
278 203 276 201 278 203 276 201 278 572 276 203 278 201 276 203 
278 201 276 203 278 201 930 m] 987 941 m[ 932 203 276 201 278 
203 276 201 278 203 276 201 278 570 276 203 278 201 276 203 278 
201 276 203 278 201 572 930 m] 939 989 m[ 89 701 993 699 995 
701 993 699 995 701 993 699 995 237 993 701 995 699 993 701 995 
699 993 701 995 699 239 87 119 89 237 701 993 699 995 701 993 
699 995 701 993 699 995 239 993 701 995 699 993 701 995 699 993 
701 995 699 87 119 m] 977 m[ 968 735 260 129 258 131 260 129 
258 131 260 129 258 131 737 129 260 131 258 129 260 131 258 129 
260 131 258 966 m] 975 m[ 1016 278 699 276 701 278 699 276 701 
278 699 276 701 882 699 278 701 276 699 278 701 276 699 278 701 
276 884 1014 974 1016 882 278 699 276 701 278 699 276 701 278 699 
276 701 884 699 278 701 276 699 278 701 276 699 278 701 276 1014 
974 m] 959 959 959 m[ 998 497 864 495 866 497 864 495 866 497 
864 495 866 663 864 497 866 495 864 497 866 495 864 497 866 495 
665 996 m] 957 957 957 1028 905 905 m[ 1028 774 572 18 570 20 
572 18 570 20 572 18 570 20 776 18 572 20 570 18 572 20 
570 18 572 20 570 1026 m] 903 903 1026 977 977 m[ 908 18 479 
294 477 296 479 294 477 296 479 294 477 296 20 294 479 296 477 
294 479 296 477 294 479 296 477 906 m] 975 975 905 m[ 1010 461 
72 459 74 461 72 459 74 461 72 459 74 129 72 461 74 459 
72 461 74 459 72 461 74 459 131 1008 m] 903 1013 1013 m[ 932 
626 810 624 812 626 810 624 812 626 810 624 812 183 810 626 812 
624 810 626 812 624 810 626 812 624 185 930 m] 1011 1011 590 590 
1013 m[ 932 183 626 810 624 812 626 810 624 812 626 810 624 812 
185 810 626 812 624 810 626 812 624 810 626 812 624 930 m] 1011 
588 588 258 m[ 791 572 975 570 977 572 975 570 977 572 975 570 
977 108 975 572 977 570 975 572 977 570 975 572 977 570 110 789 
785 791 108 572 975 570 977 572 975 570 977 572 975 570 977 110 
975 572 977 570 975 572 977 570 975 572 977 570 789 785 m] 260 
1011 1011 959 m[ 998 663 497 864 495 866 497 864 495 866 497 864 
495 866 665 864 497 866 495 864 497 866 495 864 497 866 495 996 
m] 957 1013 1013 647 m[ 599 884 72 882 74 884 72 882 74 884 
72 882 74 903 72 884 74 882 72 884 74 882 72 884 74 882 
905 597 521 599 903 884 72 882 74 884 72 882 74 884 72 882 
74 905 72 884 74 882 72 884 74 882 72 884 74 882 597 521 
m] 645 405 m[ 452 647 516 645 518 647 516 645 518 647 516 645 
518 219 516 647 518 645 516 647 518 645 516 647 518 645 221 450 
m] m[ 444 744 752 812 624 810 626 812 624 810 626 812 624 810 
626 219 624 812 626 810 624 812 626 810 624 812 626 810 221 750 
744 752 219 812 624 810 626 812 624 810 626 812 624 810 626 221 
624 812 626 810 624 812 626 810 624 812 626 810 750 444 744 752 
812 624 810 626 812 624 810 626 812 624 810 626 219 624 812 626 
810 624 812 626 810 624 812 626 810 221 750 744 752 219 812 624 
810 626 812 624 810 626 812 624 810 626 221 624 812 626 810 624 
812 626 810 624 812 626 810 750 m] 407 m[ 452 219 647 516 645 
518 647 516 645 518 647 516 645 518 221 516 647 518 645 516 647 
518 645 516 647 518 645 450 m] 443 443 443 m[ 452 647 516 645 
518 647 516 645 518 647 516 645 518 219 516 647 518 645 516 647 
518 645 516 647 518 645 221 450 m] 441 441 441 m[ 212 497 18 
495 20 497 18 495 20 497 18 495 20 516 18 497 20 495 18 
497 20 495 18 497 20 495 518 210 134 212 516 497 18 495 20 
497 18 495 20 497 18 495 20 518 18 497 20 495 18 497 20 
495 18 497 20 495 210 134 m] 662 647 m[ 752 203 36 201 38 
203 36 201 38 203 36 201 38 774 36 203 38 201 36 203 38 
201 36 203 38 201 776 750 m] 645 660 m[ 692 332 219 330 221 
332 219 330 221 332 219 330 221 441 219 332 221 330 219 332 221 
330 219 332 221 330 443 690 740 692 441 332 219 330 221 332 219 
330 221 332 219 330 221 443 219 332 221 330 219 332 221 330 219 
332 221 330 690 740 m] m[ 416 570 1013 294 1011 296 1013 294 1011 
296 1013 294 1011 296 572 294 1013 296 1011 294 1013 296 1011 294 1013 
296 1011 414 m] m[ 416 1013 294 1011 296 1013 294 1011 296 1013 294 
1011 296 570 294 1013 296 1011 294 1013 296 1011 294 1013 296 1011 572 
414 410 416 570 1013 294 1011 296 1013 294 1011 296 1013 294 1011 296 
572 294 1013 296 1011 294 1013 296 1011 294 1013 296 1011 414 410 m] 
m[ 408 978 932 203 276 201 278 203 276 201 278 203 276 201 278 
570 276 203 278 201 276 203 278 201 276 203 278 201 572 930 978 
932 570 203 276 201 278 203 276 201 278 203 276 201 278 572 276 
203 278 201 276 203 278 201 276 203 278 201 930 408 978 932 203 
276 201 278 203 276 201 278 203 276 201 278 570 276 203 278 201 
276 203 278 201 276 203 278 201 572 930 978 932 570 203 276 201 
278 203 276 201 278 203 276 201 278 572 276 203 278 201 276 203 
278 201 276 203 278 201 930 m] 494 m[ 416 1013 294 1011 296 1013 
294 1011 296 1013 294 1011 296 570 294 1013 296 1011 294 1013 296 1011 
294 1013 296 1011 572 414 m] 492 m[ 521 995 810 993 812 995 810 
993 812 995 810 993 812 90 810 995 812 993 810 995 812 993 810 
995 812 993 92 519 605 521 90 995 810 993 812 995 810 993 812 
995 810 993 812 92 810 995 812 993 810 995 812 993 810 995 812 
993 519 605 392 521 995 810 993 812 995 810 993 812 995 810 993 
812 90 810 995 812 993 810 995 812 993 810 995 812 993 92 519 
605 521 90 995 810 993 812 995 810 993 812 995 810 993 812 92 
810 995 812 993 810 995 812 993 810 995 812 993 519 605 392 m] 
389 m[ 398 536 882 534 884 536 882 534 884 536 882 534 884 90 
882 536 884 534 882 536 884 534 882 536 884 534 92 396 m] 387 
m[ 500 296 90 294 92 296 90 294 92 296 90 294 92 645 90 
296 92 294 90 296 92 294 90 296 92 294 647 498 476 500 645 
296 90 294 92 296 90 294 92 296 90 294 92 647 90 296 92 
294 90 296 92 294 90 296 92 294 498 476 m] 459 476 m[ 440 
882 905 645 903 647 905 645 903 647 905 645 903 647 884 645 905 
647 903 645 905 647 903 645 905 647 903 438 m] 474 461 m[ 482 
884 348 882 350 884 348 882 350 884 348 882 350 147 348 884 350 
882 348 884 350 882 348 884 350 882 149 480 458 482 147 884 348 
882 350 884 348 882 350 884 348 882 350 149 348 884 350 882 348 
884 350 882 348 884 350 882 480 458 m] 495 495 m[ 456 482 884 
348 882 350 884 348 882 350 884 348 882 350 147 348 884 350 882 
348 884 350 882 348 884 350 882 149 480 456 482 147 884 348 882 
350 884 348 882 350 884 348 882 350 149 348 884 350 882 348 884 
350 882 348 884 350 882 480 m] 497 497 552 552 m[ 599 846 959 
165 957 167 959 165 957 167 959 165 957 167 848 165 959 167 957 
165 959 167 957 165 959 167 957 597 m] 554 554 m[ 218 74 534 
72 536 74 534 72 536 74 534 72 536 405 534 74 536 72 534 
74 536 72 534 74 536 72 407 216 212 218 405 74 534 72 536 
74 534 72 536 74 534 72 536 407 534 74 536 72 534 74 536 
72 534 74 536 72 216 212 m] 201 m[ 210 218 74 534 72 536 
74 534 72 536 74 534 72 536 405 534 74 536 72 534 74 536 
72 534 74 536 72 407 216 210 218 405 74 534 72 536 74 534 
72 536 74 534 72 536 407 534 74 536 72 534 74 536 72 534 
74 536 72 216 m] 203 389 389 m[ 476 18 719 312 717 314 719 
312 717 314 719 312 717 314 20 312 719 314 717 312 719 314 717 
312 719 314 717 474 m] 387 387 m[ 476 719 312 717 314 719 312 
717 314 719 312 717 314 18 312 719 314 717 312 719 314 717 312 
719 314 717 20 474 m] 552 m[ 428 941 219 939 221 941 219 939 
221 941 219 939 221 0 219 941 221 939 219 941 221 939 219 941 
221 939 2 426 404 428 0 941 219 939 221 941 219 939 221 941 
219 939 221 2 219 941 221 939 219 941 221 939 219 941 221 939 
426 404 m] 554 393 443 m[ 452 219 647 516 645 518 647 516 645 
518 647 516 645 518 221 516 647 518 645 516 647 518 645 516 647 
518 645 450 m] 441 395 404 441 m[ 452 647 516 645 518 647 516 
645 518 647 516 645 518 219 516 647 518 645 516 647 518 645 516 
647 518 645 221 450 m] 443 402 m[ 512 959 72 957 74 959 72 
957 74 959 72 957 74 258 72 959 74 957 72 959 74 957 72 
959 74 957 260 510 506 512 258 959 72 957 74 959 72 957 74 
959 72 957 74 260 72 959 74 957 72 959 74 957 72 959 74 
957 510 506 m] 
