MHT633 8C 415 80 415
1817451653351672121314421612251256771645351213131224127211872274631258251281556266323236141532652336414833536832727836886733882434623244846464873564814864581434517774855644587687516822545441575444573464521162524885567348867432563643467548867613562261665125
1673127773276471883378756577315571317374733378688618383248161578274828727848738728655258
#time 4827595
#CRC 4015722337809266665
*
557 887 117 630 222 870 17 38 974 537 611 930 179 203 639 264 
14 729 767 765 807 212 486 587 891 410 327 240 395 965 804 414 
519 992 59 503 441 42 711 890 365 974 554 759 983 62 789 132 
162 381 804 497 345 278 267 884 114 675 729 734 404 104 236 738 
410 33 413 182 783 147 461 945 978 608 155 761 633 672 116 870 
m| 534 903 755 56 941 755 939 74 884 884 74 74 882 72 72 m[ 
665 1011 663 1013 m] m[ 665 1011 663 1013 m] 129 m[ 239 606 237 
608 m] m[ 239 606 237 608 m] 794 735 683 201 m[ 665 90 663 
92 m] m[ 219 407 221 405 m] m[ 735 554 737 552 m] m[ 701 
993 699 995 m] m[ 405 755 407 753 m] 810 m[ 0 737 2 735 
m] 812 812 812 m[ 776 387 774 389 m] 810 810 m[ 977 681 975 
683 864 683 866 681 m] 497 m[ 407 219 405 221 m] m[ 407 219 
405 221 m] 495 m[ 755 405 753 407 219 407 221 405 m] 185 m[ 
219 830 221 828 m] 183 m[ 794 237 792 239 423 239 425 237 m] 
497 m[ 792 425 794 423 m] 495 866 m[ 167 882 165 884 m] 864 
m[ 167 882 165 884 72 884 74 882 m] m[ 590 90 588 92 m] 
572 m[ 588 185 590 183 m] 570 479 479 479 479 m[ 828 407 830 
405 m] 477 477 477 477 m[ 407 828 405 830 54 830 56 828 m] 
m[ 536 957 534 959 m] m[ 536 957 534 959 72 959 74 957 m] 
977 m[ 2 921 0 923 m] 975 810 810 m[ 923 846 921 848 m] 
812 812 m[ 866 570 864 572 495 572 497 570 m] 90 m[ 405 56 
407 54 m] 90 90 90 90 90 m[ 56 405 54 407 828 407 830 
405 m] m[ 590 90 588 92 1011 92 1013 90 m] m[ 977 864 975 
866 18 866 20 864 m] m[ 56 812 624 810 626 56 624 812 626 
810 56 812 624 810 626 56 624 812 626 810 56 812 624 810 626 
56 624 812 626 810 56 812 624 810 626 36 626 38 624 m] 
