MHT633 8C 8421 80 8421
1111211161111181811121311141211171511181211224242223232228262225272224242222232223242233232333133333434333736333233333534333538334414744444244464144434544414844474644464744555565551555551515557585558525552555557565566362666467666767666466666265666668666768
6677678777673777377777171777873777375777571778848388868588868488818188888588878288888588
#time 13637914
#CRC 4582808738581411665
*
557 887 117 630 222 870 17 38 974 537 611 930 179 203 639 264 
14 729 767 765 807 212 486 587 891 410 327 240 395 965 804 414 
519 992 59 503 441 42 711 890 365 974 554 759 983 62 789 132 
162 381 804 497 345 278 267 884 114 675 729 734 404 104 236 738 
410 33 413 182 783 147 461 945 978 608 155 761 633 672 116 870 
m| 534 903 755 56 941 755 939 74 884 884 74 74 882 72 72 m[ 
665 1011 663 1013 m] m[ 665 1011 663 1013 m] 129 m[ 239 606 237 
608 m] m[ 239 606 237 608 m] 794 735 683 201 m[ 665 90 663 
92 m] m[ 219 407 221 405 m] m[ 735 554 737 552 m] m[ 701 
993 699 995 m] m[ 405 755 407 753 m] 810 m[ 0 737 2 735 
m] 812 812 812 m[ 776 387 774 389 m] 810 810 m[ 977 681 975 
683 864 683 866 681 m] 497 m[ 407 219 405 221 m] m[ 407 219 
405 221 m] 495 m[ 755 405 753 407 219 407 221 405 m] 185 m[ 
219 830 221 828 m] 183 m[ 794 237 792 239 423 239 425 237 m] 
497 m[ 792 425 794 423 m] 495 866 m[ 167 882 165 884 m] 864 
m[ 167 882 165 884 72 884 74 882 m] m[ 590 90 588 92 m] 
572 m[ 588 185 590 183 m] 570 479 479 479 479 m[ 828 407 830 
405 m] 477 477 477 477 m[ 407 828 405 830 54 830 56 828 m] 
m[ 536 957 534 959 m] m[ 536 957 534 959 72 959 74 957 m] 
977 m[ 2 921 0 923 m] 975 810 810 m[ 923 846 921 848 m] 
812 812 m[ 866 570 864 572 495 572 497 570 m] 90 m[ 405 56 
407 54 m] 90 90 90 90 90 m[ 56 405 54 407 828 407 830 
405 m] m[ 590 90 588 92 1011 92 1013 90 m] m[ 977 864 975 
866 18 866 20 864 m] m[ 56 812 624 810 626 56 624 812 626 
810 56 812 624 810 626 56 624 812 626 810 56 812 624 810 626 
56 624 812 626 810 56 812 624 810 626 36 626 38 624 m] 959 
m[ 920 701 201 699 203 701 201 699 203 701 201 699 203 0 201 
701 203 699 201 701 203 699 201 701 203 699 2 918 m] 957 m[ 
920 0 701 201 699 203 701 201 699 203 701 201 699 203 2 201 
701 203 699 201 701 203 699 201 701 203 699 918 m] m[ 920 701 
201 699 203 701 201 699 203 701 201 699 203 0 201 701 203 699 
201 701 203 699 201 701 203 699 2 918 914 920 0 701 201 699 
203 701 201 699 203 701 201 699 203 2 201 701 203 699 201 701 
203 699 201 701 203 699 918 914 m] m[ 656 794 237 792 239 794 
237 792 239 794 237 792 239 0 237 794 239 792 237 794 239 792 
237 794 239 792 2 654 650 656 0 794 237 792 239 794 237 792 
239 794 237 792 239 2 237 794 239 792 237 794 239 792 237 794 
239 792 654 650 914 656 794 237 792 239 794 237 792 239 794 237 
792 239 0 237 794 239 792 237 794 239 792 237 794 239 792 2 
654 650 656 0 794 237 792 239 794 237 792 239 794 237 792 239 
2 237 794 239 792 237 794 239 792 237 794 239 792 654 650 914 
m] 908 923 m[ 920 701 201 699 203 701 201 699 203 701 201 699 
203 0 201 701 203 699 201 701 203 699 201 701 203 699 2 918 
m] 921 906 m[ 986 443 552 441 554 443 552 441 554 443 552 441 
554 330 552 443 554 441 552 443 554 441 552 443 554 441 332 984 
980 986 330 443 552 441 554 443 552 441 554 443 552 441 554 332 
552 443 554 441 552 443 554 441 552 443 554 441 984 980 m] 977 
m[ 986 443 552 441 554 443 552 441 554 443 552 441 554 330 552 
443 554 441 552 443 554 441 552 443 554 441 332 984 m] 975 995 
939 m[ 986 443 552 441 554 443 552 441 554 443 552 441 554 330 
552 443 554 441 552 443 554 441 552 443 554 441 332 984 m] 941 
993 m[ 779 74 957 72 959 74 957 72 959 74 957 72 959 312 
957 74 959 72 957 74 959 72 957 74 959 72 314 777 881 779 
312 74 957 72 959 74 957 72 959 74 957 72 959 314 957 74 
959 72 957 74 959 72 957 74 959 72 777 881 m] m[ 879 21 
29 479 1011 477 1013 479 1011 477 1013 479 1011 477 1013 312 1011 479 
1013 477 1011 479 1013 477 1011 479 1013 477 314 27 21 29 312 479 
1011 477 1013 479 1011 477 1013 479 1011 477 1013 314 1011 479 1013 477 
1011 479 1013 477 1011 479 1013 477 27 879 21 29 479 1011 477 1013 
479 1011 477 1013 479 1011 477 1013 312 1011 479 1013 477 1011 479 1013 
477 1011 479 1013 477 314 27 21 29 312 479 1011 477 1013 479 1011 
477 1013 479 1011 477 1013 314 1011 479 1013 477 1011 479 1013 477 1011 
479 1013 477 27 m] 932 941 m[ 986 443 552 441 554 443 552 441 
554 443 552 441 554 330 552 443 554 441 552 443 554 441 552 443 
554 441 332 984 m] 939 930 m[ 194 776 903 774 905 776 903 774 
905 776 903 774 905 423 903 776 905 774 903 776 905 774 903 776 
905 774 425 192 242 194 423 776 903 774 905 776 903 774 905 776 
903 774 905 425 903 776 905 774 903 776 905 774 903 776 905 774 
192 242 m] m[ 914 36 149 495 147 497 149 495 147 497 149 495 
147 497 38 495 149 497 147 495 149 497 147 495 149 497 147 912 
m] 993 993 905 m[ 914 149 495 147 497 149 495 147 497 149 495 
147 497 36 495 149 497 147 495 149 497 147 495 149 497 147 38 
912 m] 903 995 995 m[ 35 314 606 312 608 314 606 312 608 314 
606 312 608 753 606 314 608 312 606 314 608 312 606 314 608 312 
755 33 65 35 753 314 606 312 608 314 606 312 608 314 606 312 
608 755 606 314 608 312 606 314 608 312 606 314 608 312 33 65 
950 35 314 606 312 608 314 606 312 608 314 606 312 608 753 606 
314 608 312 606 314 608 312 606 314 608 312 755 33 65 35 753 
314 606 312 608 314 606 312 608 314 606 312 608 755 606 314 608 
312 606 314 608 312 606 314 608 312 33 65 950 m] 905 941 m[ 
920 38 624 36 626 38 624 36 626 38 624 36 626 753 624 38 
626 36 624 38 626 36 624 38 626 36 755 918 m] 939 903 m[ 
962 221 54 219 56 221 54 219 56 221 54 219 56 645 54 221 
56 219 54 221 56 219 54 221 56 219 647 960 920 962 645 221 
54 219 56 221 54 219 56 221 54 219 56 647 54 221 56 219 
54 221 56 219 54 221 56 219 960 920 m] m[ 918 168 176 794 
108 792 110 794 108 792 110 794 108 792 110 645 108 794 110 792 
108 794 110 792 108 794 110 792 647 174 168 176 645 794 108 792 
110 794 108 792 110 794 108 792 110 647 108 794 110 792 108 794 
110 792 108 794 110 792 174 918 168 176 794 108 792 110 794 108 
792 110 794 108 792 110 645 108 794 110 792 108 794 110 792 108 
794 110 792 647 174 168 176 645 794 108 792 110 794 108 792 110 
794 108 792 110 647 108 794 110 792 108 794 110 792 108 794 110 
792 174 m] 905 m[ 920 38 624 36 626 38 624 36 626 38 624 
36 626 753 624 38 626 36 624 38 626 36 624 38 626 36 755 
918 m] 903 m[ 914 20 681 18 683 20 681 18 683 20 681 18 
683 165 681 20 683 18 681 20 683 18 681 20 683 18 167 912 
962 914 165 20 681 18 683 20 681 18 683 20 681 18 683 167 
681 20 683 18 681 20 683 18 681 20 683 18 912 962 m] 914 
m[ 914 20 681 18 683 20 681 18 683 20 681 18 683 165 681 
20 683 18 681 20 683 18 681 20 683 18 167 912 m] 912 m[ 
365 719 108 717 110 719 108 717 110 719 108 717 110 387 108 719 
110 717 108 719 110 717 108 719 110 717 389 363 269 365 387 719 
108 717 110 719 108 717 110 719 108 717 110 389 108 719 110 717 
108 719 110 717 108 719 110 717 363 269 908 365 719 108 717 110 
719 108 717 110 719 108 717 110 387 108 719 110 717 108 719 110 
717 108 719 110 717 389 363 269 365 387 719 108 717 110 719 108 
717 110 719 108 717 110 389 108 719 110 717 108 719 110 717 108 
719 110 717 363 269 908 m] 1013 m[ 1004 407 219 405 221 407 219 
405 221 407 219 405 221 846 219 407 221 405 219 407 221 405 219 
407 221 405 848 1002 m] 1011 m[ 926 131 516 129 518 131 516 129 
518 131 516 129 518 828 516 131 518 129 516 131 518 129 516 131 
518 129 830 924 1028 926 828 131 516 129 518 131 516 129 518 131 
516 129 518 830 516 131 518 129 516 131 518 129 516 131 518 129 
924 1028 m] 1011 m[ 926 828 131 516 129 518 131 516 129 518 131 
516 129 518 830 516 131 518 129 516 131 518 129 516 131 518 129 
924 m] 1013 m[ 545 719 792 717 794 719 792 717 794 719 792 717 
794 183 792 719 794 717 792 719 794 717 792 719 794 717 185 543 
593 545 183 719 792 717 794 719 792 717 794 719 792 717 794 185 
792 719 794 717 792 719 794 717 792 719 794 717 543 593 926 545 
719 792 717 794 719 792 717 794 719 792 717 794 183 792 719 794 
717 792 719 794 717 792 719 794 717 185 543 593 545 183 719 792 
717 794 719 792 717 794 719 792 717 794 185 792 719 794 717 792 
719 794 717 792 719 794 717 543 593 926 m] 1004 m[ 1004 407 219 
405 221 407 219 405 221 407 219 405 221 846 219 407 221 405 219 
407 221 405 219 407 221 405 848 1002 m] 1002 932 923 m[ 1004 407 
219 405 221 407 219 405 221 407 219 405 221 846 219 407 221 405 
219 407 221 405 219 407 221 405 848 1002 m] 921 930 m[ 335 794 
423 792 425 794 423 792 425 794 423 792 425 624 423 794 425 792 
423 794 425 792 423 794 425 792 626 333 293 335 624 794 423 792 
425 794 423 792 425 794 423 792 425 626 423 794 425 792 423 794 
425 792 423 794 425 792 333 293 956 335 794 423 792 425 794 423 
792 425 794 423 792 425 624 423 794 425 792 423 794 425 792 423 
794 425 792 626 333 293 335 624 794 423 792 425 794 423 792 425 
794 423 792 425 626 423 794 425 792 423 794 425 792 423 794 425 
792 333 293 956 m] 995 m[ 998 683 570 681 572 683 570 681 572 
683 570 681 572 405 570 683 572 681 570 683 572 681 570 683 572 
681 407 996 m] 993 m[ 956 518 258 516 260 518 258 516 260 518 
258 516 260 495 258 518 260 516 258 518 260 516 258 518 260 516 
497 954 986 956 495 518 258 516 260 518 258 516 260 518 258 516 
260 497 258 518 260 516 258 518 260 516 258 518 260 516 954 986 
m] m[ 629 794 312 792 314 794 312 792 314 794 312 792 314 495 
312 794 314 792 312 794 314 792 312 794 314 792 497 627 587 629 
495 794 312 792 314 794 312 792 314 794 312 792 314 497 312 794 
314 792 312 794 314 792 312 794 314 792 627 587 986 629 794 312 
792 314 794 312 792 314 794 312 792 314 495 312 794 314 792 312 
794 314 792 312 794 314 792 497 627 587 629 495 794 312 792 314 
794 312 792 314 794 312 792 314 497 312 794 314 792 312 794 314 
792 312 794 314 792 627 587 986 m] 995 995 995 m[ 956 495 518 
258 516 260 518 258 516 260 518 258 516 260 497 258 518 260 516 
258 518 260 516 258 518 260 516 954 m] 993 993 993 m[ 656 110 
423 108 425 110 423 108 425 110 423 108 425 810 423 110 425 108 
423 110 425 108 423 110 425 108 812 654 704 656 810 110 423 108 
425 110 423 108 425 110 423 108 425 812 423 110 425 108 423 110 
425 108 423 110 425 108 654 704 1004 656 110 423 108 425 110 423 
108 425 110 423 108 425 810 423 110 425 108 423 110 425 108 423 
110 425 108 812 654 704 656 810 110 423 108 425 110 423 108 425 
110 423 108 425 812 423 110 425 108 423 110 425 108 423 110 425 
108 654 704 1004 m] 921 921 m[ 926 201 776 387 774 389 776 387 
774 389 776 387 774 389 203 387 776 389 774 387 776 389 774 387 
776 389 774 924 m] 923 923 959 m[ 1010 129 461 72 459 74 461 
72 459 74 461 72 459 74 131 72 461 74 459 72 461 74 459 
72 461 74 459 1008 m] 957 1016 m[ 1016 812 36 810 38 812 36 
810 38 812 36 810 38 258 36 812 38 810 36 812 38 810 36 
812 38 810 260 1014 m] 1014 m[ 998 497 864 495 866 497 864 495 
866 497 864 495 866 663 864 497 866 495 864 497 866 495 864 497 
866 495 665 996 974 998 663 497 864 495 866 497 864 495 866 497 
864 495 866 665 864 497 866 495 864 497 866 495 864 497 866 495 
996 974 m] m[ 972 468 476 110 792 108 794 110 792 108 794 110 
792 108 794 663 792 110 794 108 792 110 794 108 792 110 794 108 
665 474 468 476 663 110 792 108 794 110 792 108 794 110 792 108 
794 665 792 110 794 108 792 110 794 108 792 110 794 108 474 972 
468 476 110 792 108 794 110 792 108 794 110 792 108 794 663 792 
110 794 108 792 110 794 108 792 110 794 108 665 474 468 476 663 
110 792 108 794 110 792 108 794 110 792 108 794 665 792 110 794 
108 792 110 794 108 792 110 794 108 474 m] 1016 m[ 998 497 864 
495 866 497 864 495 866 497 864 495 866 663 864 497 866 495 864 
497 866 495 864 497 866 495 665 996 m] 1014 m[ 1016 812 36 810 
38 812 36 810 38 812 36 810 38 258 36 812 38 810 36 812 
38 810 36 812 38 810 260 1014 992 1016 258 812 36 810 38 812 
36 810 38 812 36 810 38 260 36 812 38 810 36 812 38 810 
36 812 38 810 1014 992 m] m[ 990 777 857 239 108 237 110 239 
108 237 110 239 108 237 110 258 108 239 110 237 108 239 110 237 
108 239 110 237 260 855 777 857 258 239 108 237 110 239 108 237 
110 239 108 237 110 260 108 239 110 237 108 239 110 237 108 239 
110 237 855 990 777 857 239 108 237 110 239 108 237 110 239 108 
237 110 258 108 239 110 237 108 239 110 237 108 239 110 237 260 
855 777 857 258 239 108 237 110 239 108 237 110 239 108 237 110 
260 108 239 110 237 108 239 110 237 108 239 110 237 855 m] 905 
m[ 908 18 479 294 477 296 479 294 477 296 479 294 477 296 20 
294 479 296 477 294 479 296 477 294 479 296 477 906 m] 903 m[ 
992 332 828 330 830 332 828 330 830 332 828 330 830 90 828 332 
830 330 828 332 830 330 828 332 830 330 92 990 1022 992 90 332 
828 330 830 332 828 330 830 332 828 330 830 92 828 332 830 330 
828 332 830 330 828 332 830 330 990 1022 m] 1011 939 m[ 950 516 
665 90 663 92 665 90 663 92 665 90 663 92 518 90 665 92 
663 90 665 92 663 90 665 92 663 948 m] 941 1013 m[ 980 536 
165 534 167 536 165 534 167 536 165 534 167 366 165 536 167 534 
165 536 167 534 165 536 167 534 368 978 938 980 366 536 165 534 
167 536 165 534 167 536 165 534 167 368 165 536 167 534 165 536 
167 534 165 536 167 534 978 938 m] m[ 936 561 533 110 237 108 
239 110 237 108 239 110 237 108 239 366 237 110 239 108 237 110 
239 108 237 110 239 108 368 531 561 533 366 110 237 108 239 110 
237 108 239 110 237 108 239 368 237 110 239 108 237 110 239 108 
237 110 239 108 531 936 561 533 110 237 108 239 110 237 108 239 
110 237 108 239 366 237 110 239 108 237 110 239 108 237 110 239 
108 368 531 561 533 366 110 237 108 239 110 237 108 239 110 237 
108 239 368 237 110 239 108 237 110 239 108 237 110 239 108 531 
m] m[ 803 441 977 147 975 149 977 147 975 149 977 147 975 149 
443 147 977 149 975 147 977 149 975 147 977 149 975 801 m] 923 
923 993 m[ 908 92 183 90 185 92 183 90 185 92 183 90 185 
441 183 92 185 90 183 92 185 90 183 92 185 90 443 906 m] 
995 921 921 m[ 966 873 845 608 312 606 314 608 312 606 314 608 
312 606 314 681 312 608 314 606 312 608 314 606 312 608 314 606 
683 843 873 845 681 608 312 606 314 608 312 606 314 608 312 606 
314 683 312 608 314 606 312 608 314 606 312 608 314 606 843 966 
873 845 608 312 606 314 608 312 606 314 608 312 606 314 681 312 
608 314 606 312 608 314 606 312 608 314 606 683 843 873 845 681 
608 312 606 314 608 312 606 314 608 312 606 314 683 312 608 314 
606 312 608 314 606 312 608 314 606 843 m] m[ 452 219 647 516 
645 518 647 516 645 518 647 516 645 518 221 516 647 518 645 516 
647 518 645 516 647 518 645 450 m] 405 m[ 452 647 516 645 518 
647 516 645 518 647 516 645 518 219 516 647 518 645 516 647 518 
645 516 647 518 645 221 450 m] 407 387 387 443 m[ 452 219 647 
516 645 518 647 516 645 518 647 516 645 518 221 516 647 518 645 
516 647 518 645 516 647 518 645 450 m] 441 389 389 389 m[ 398 
552 74 165 72 167 74 165 72 167 74 165 72 167 554 165 74 
167 72 165 74 167 72 165 74 167 72 396 m] 387 m[ 392 20 
570 18 572 20 570 18 572 20 570 18 572 828 570 20 572 18 
570 20 572 18 570 20 572 18 830 390 494 392 828 20 570 18 
572 20 570 18 572 20 570 18 572 830 570 20 572 18 570 20 
572 18 570 20 572 18 390 494 m] m[ 101 995 624 993 626 995 
624 993 626 995 624 993 626 828 624 995 626 993 624 995 626 993 
624 995 626 993 830 99 95 101 828 995 624 993 626 995 624 993 
626 995 624 993 626 830 624 995 626 993 624 995 626 993 624 995 
626 993 99 95 494 101 995 624 993 626 995 624 993 626 995 624 
993 626 828 624 995 626 993 624 995 626 993 624 995 626 993 830 
99 95 101 828 995 624 993 626 995 624 993 626 995 624 993 626 
830 624 995 626 993 624 995 626 993 624 995 626 993 99 95 494 
m] 398 m[ 392 20 570 18 572 20 570 18 572 20 570 18 572 
828 570 20 572 18 570 20 572 18 570 20 572 18 830 390 m] 
396 407 407 407 m[ 392 20 570 18 572 20 570 18 572 20 570 
18 572 828 570 20 572 18 570 20 572 18 570 20 572 18 830 
390 m] 405 405 405 m[ 224 812 699 810 701 812 699 810 701 812 
699 810 701 534 699 812 701 810 699 812 701 810 699 812 701 810 
536 222 182 224 534 812 699 810 701 812 699 810 701 812 699 810 
701 536 699 812 701 810 699 812 701 810 699 812 701 810 222 182 
422 224 812 699 810 701 812 699 810 701 812 699 810 701 534 699 
812 701 810 699 812 701 810 699 812 701 810 536 222 182 224 534 
812 699 810 701 812 699 810 701 812 699 810 701 536 699 812 701 
810 699 812 701 810 699 812 701 810 222 182 422 m] 458 m[ 458 
332 753 330 755 332 753 330 755 332 753 330 755 165 753 332 755 
330 753 332 755 330 753 332 755 330 167 456 m] 456 m[ 551 701 
276 699 278 701 276 699 278 701 276 699 278 864 276 701 278 699 
276 701 278 699 276 701 278 699 866 549 581 551 864 701 276 699 
278 701 276 699 278 701 276 699 278 866 276 701 278 699 276 701 
278 699 276 701 278 699 549 581 488 551 701 276 699 278 701 276 
699 278 701 276 699 278 864 276 701 278 699 276 701 278 699 276 
701 278 699 866 549 581 551 864 701 276 699 278 701 276 699 278 
701 276 699 278 866 276 701 278 699 276 701 278 699 276 701 278 
699 549 581 488 m] 407 m[ 494 554 366 552 368 554 366 552 368 
554 366 552 368 864 366 554 368 552 366 554 368 552 366 554 368 
552 866 492 m] 405 389 389 389 m[ 446 129 608 108 606 110 608 
108 606 110 608 108 606 110 131 108 608 110 606 108 608 110 606 
108 608 110 606 444 m] 387 387 387 441 m[ 446 608 108 606 110 
608 108 606 110 608 108 606 110 129 108 608 110 606 108 608 110 
606 108 608 110 606 131 444 m] 443 m[ 863 203 699 201 701 203 
699 201 701 203 699 201 701 72 699 203 701 201 699 203 701 201 
699 203 701 201 74 861 893 863 72 203 699 201 701 203 699 201 
701 203 699 201 701 74 699 203 701 201 699 203 701 201 699 203 
701 201 861 893 476 863 203 699 201 701 203 699 201 701 203 699 
201 701 72 699 203 701 201 699 203 701 201 699 203 701 201 74 
861 893 863 72 203 699 201 701 203 699 201 701 203 699 201 701 
74 699 203 701 201 699 203 701 201 699 203 701 201 861 893 476 
m] 459 459 m[ 392 72 866 681 864 683 866 681 864 683 866 681 
864 683 74 681 866 683 864 681 866 683 864 681 866 683 864 390 
m] 461 461 m[ 551 812 201 810 203 812 201 810 203 812 201 810 
203 735 201 812 203 810 201 812 203 810 201 812 203 810 737 549 
545 551 735 812 201 810 203 812 201 810 203 812 201 810 203 737 
201 812 203 810 201 812 203 810 201 812 203 810 549 545 452 551 
812 201 810 203 812 201 810 203 812 201 810 203 735 201 812 203 
810 201 812 203 810 201 812 203 810 737 549 545 551 735 812 201 
810 203 812 201 810 203 812 201 810 203 737 201 812 203 810 201 
812 203 810 201 812 203 810 549 545 452 m] 443 m[ 422 572 147 
570 149 572 147 570 149 572 147 570 149 735 147 572 149 570 147 
572 149 570 147 572 149 570 737 420 m] 441 441 m[ 422 735 572 
147 570 149 572 147 570 149 572 147 570 149 737 147 572 149 570 
147 572 149 570 147 572 149 570 420 m] 443 m[ 398 74 165 72 
167 74 165 72 167 74 165 72 167 552 165 74 167 72 165 74 
167 72 165 74 167 72 554 396 446 398 552 74 165 72 167 74 
165 72 167 74 165 72 167 554 165 74 167 72 165 74 167 72 
165 74 167 72 396 446 m] m[ 59 278 201 276 203 278 201 276 
203 278 201 276 203 552 201 278 203 276 201 278 203 276 201 278 
203 276 554 57 17 59 552 278 201 276 203 278 201 276 203 278 
201 276 203 554 201 278 203 276 201 278 203 276 201 278 203 276 
57 17 446 59 278 201 276 203 278 201 276 203 278 201 276 203 
552 201 278 203 276 201 278 203 276 201 278 203 276 554 57 17 
59 552 278 201 276 203 278 201 276 203 278 201 276 203 554 201 
278 203 276 201 278 203 276 201 278 203 276 57 17 446 m] 476 
m[ 470 755 54 753 56 755 54 753 56 755 54 753 56 774 54 
755 56 753 54 755 56 753 54 755 56 753 776 468 m] 474 494 
m[ 470 774 755 54 753 56 755 54 753 56 755 54 753 56 776 
54 755 56 753 54 755 56 753 54 755 56 753 468 m] 492 m[ 
452 131 258 129 260 131 258 129 260 131 258 129 260 681 258 131 
260 129 258 131 260 129 258 131 260 129 683 450 500 452 681 131 
258 129 260 131 258 129 260 131 258 129 260 683 258 131 260 129 
258 131 260 129 258 131 260 129 450 500 m] m[ 875 701 624 699 
626 701 624 699 626 701 624 699 626 330 624 701 626 699 624 701 
626 699 624 701 626 699 332 873 869 875 330 701 624 699 626 701 
624 699 626 701 624 699 626 332 624 701 626 699 624 701 626 699 
624 701 626 699 873 869 410 875 701 624 699 626 701 624 699 626 
701 624 699 626 330 624 701 626 699 624 701 626 699 624 701 626 
699 332 873 869 875 330 701 624 699 626 701 624 699 626 701 624 
699 626 332 624 701 626 699 624 701 626 699 624 701 626 699 873 
869 410 m] 387 m[ 506 2 735 0 737 2 735 0 737 2 735 
0 737 348 735 2 737 0 735 2 737 0 735 2 737 0 350 
504 m] 389 497 m[ 506 348 2 735 0 737 2 735 0 737 2 
735 0 737 350 735 2 737 0 735 2 737 0 735 2 737 0 
504 m] 495 m[ 468 81 89 203 810 201 812 203 810 201 812 203 
810 201 812 663 810 203 812 201 810 203 812 201 810 203 812 201 
665 87 81 89 663 203 810 201 812 203 810 201 812 203 810 201 
812 665 810 203 812 201 810 203 812 201 810 203 812 201 87 468 
81 89 203 810 201 812 203 810 201 812 203 810 201 812 663 810 
203 812 201 810 203 812 201 810 203 812 201 665 87 81 89 663 
203 810 201 812 203 810 201 812 203 810 201 812 665 810 203 812 
201 810 203 812 201 810 203 812 201 87 m] 476 479 479 m[ 440 
905 645 903 647 905 645 903 647 905 645 903 647 882 645 905 647 
903 645 905 647 903 645 905 647 903 884 438 m] 477 477 474 479 
479 479 m[ 470 755 54 753 56 755 54 753 56 755 54 753 56 
774 54 755 56 753 54 755 56 753 54 755 56 753 776 468 m] 
477 477 477 260 389 389 m[ 470 774 755 54 753 56 755 54 753 
56 755 54 753 56 776 54 755 56 753 54 755 56 753 54 755 
56 753 468 m] 387 387 258 m[ 434 977 864 975 866 977 864 975 
866 977 864 975 866 183 864 977 866 975 864 977 866 975 864 977 
866 975 185 432 482 434 183 977 864 975 866 977 864 975 866 977 
864 975 866 185 864 977 866 975 864 977 866 975 864 977 866 975 
432 482 m] m[ 480 924 932 626 810 624 812 626 810 624 812 626 
810 624 812 183 810 626 812 624 810 626 812 624 810 626 812 624 
185 930 924 932 183 626 810 624 812 626 810 624 812 626 810 624 
812 185 810 626 812 624 810 626 812 624 810 626 812 624 930 480 
924 932 626 810 624 812 626 810 624 812 626 810 624 812 183 810 
626 812 624 810 626 812 624 810 626 812 624 185 930 924 932 183 
626 810 624 812 626 810 624 812 626 810 624 812 185 810 626 812 
624 810 626 812 624 810 626 812 624 930 m] 887 m[ 809 959 534 
957 536 959 534 957 536 959 534 957 536 219 534 959 536 957 534 
959 536 957 534 959 536 957 221 807 m] 885 m[ 809 219 959 534 
957 536 959 534 957 536 959 534 957 536 221 534 959 536 957 534 
959 536 957 534 959 536 957 807 m] m[ 248 1013 663 1011 665 1013 
663 1011 665 1013 663 1011 665 72 663 1013 665 1011 663 1013 665 1011 
663 1013 665 1011 74 246 170 248 72 1013 663 1011 665 1013 663 1011 
665 1013 663 1011 665 74 663 1013 665 1011 663 1013 665 1011 663 1013 
665 1011 246 170 893 248 1013 663 1011 665 1013 663 1011 665 1013 663 
1011 665 72 663 1013 665 1011 663 1013 665 1011 663 1013 665 1011 74 
246 170 248 72 1013 663 1011 665 1013 663 1011 665 1013 663 1011 665 
74 663 1013 665 1011 663 1013 665 1011 663 1013 665 1011 246 170 893 
m] 884 884 m[ 863 72 203 699 201 701 203 699 201 701 203 699 
201 701 74 699 203 701 201 699 203 701 201 699 203 701 201 861 
m] 882 882 776 776 m[ 863 203 699 201 701 203 699 201 701 203 
699 201 701 72 699 203 701 201 699 203 701 201 699 203 701 201 
74 861 m] 774 774 m[ 869 368 735 366 737 368 735 366 737 368 
735 366 737 534 735 368 737 366 735 368 737 366 735 368 737 366 
536 867 845 869 534 368 735 366 737 368 735 366 737 368 735 366 
737 536 735 368 737 366 735 368 737 366 735 368 737 366 867 845 
m] m[ 347 92 663 90 665 92 663 90 665 92 663 90 665 534 
663 92 665 90 663 92 665 90 663 92 665 90 536 345 341 347 
534 92 663 90 665 92 663 90 665 92 663 90 665 536 663 92 
665 90 663 92 665 90 663 92 665 90 345 341 845 347 92 663 
90 665 92 663 90 665 92 663 90 665 534 663 92 665 90 663 
92 665 90 663 92 665 90 536 345 341 347 534 92 663 90 665 
92 663 90 665 92 663 90 665 536 663 92 665 90 663 92 665 
90 663 92 665 90 345 341 845 m] 887 m[ 887 149 570 147 572 
149 570 147 572 149 570 147 572 753 570 149 572 147 570 149 572 
147 570 149 572 147 755 885 m] 885 m[ 779 350 165 348 167 350 
165 348 167 350 165 348 167 0 165 350 167 348 165 350 167 348 
165 350 167 348 2 777 863 779 0 350 165 348 167 350 165 348 
167 350 165 348 167 2 165 350 167 348 165 350 167 348 165 350 
167 348 777 863 m] 779 776 m[ 887 683 18 681 20 683 18 681 
20 683 18 681 20 129 18 683 20 681 18 683 20 681 18 683 
20 681 131 885 m] 774 777 m[ 881 941 753 939 755 941 753 939 
755 941 753 939 755 348 753 941 755 939 753 941 755 939 753 941 
755 939 350 879 875 881 348 941 753 939 755 941 753 939 755 941 
753 939 755 350 753 941 755 939 753 941 755 939 753 941 755 939 
879 875 m] m[ 809 959 534 957 536 959 534 957 536 959 534 957 
536 219 534 959 536 957 534 959 536 957 534 959 536 957 221 807 
m] 828 828 m[ 809 219 959 534 957 536 959 534 957 536 959 534 
957 536 221 534 959 536 957 534 959 536 957 534 959 536 957 807 
m] 830 830 m[ 821 461 348 459 350 461 348 459 350 461 348 459 
350 570 348 461 350 459 348 461 350 459 348 461 350 459 572 819 
869 821 570 461 348 459 350 461 348 459 350 461 348 459 350 572 
348 461 350 459 348 461 350 459 348 461 350 459 819 869 m] m[ 
867 408 416 1013 294 1011 296 1013 294 1011 296 1013 294 1011 296 570 
294 1013 296 1011 294 1013 296 1011 294 1013 296 1011 572 414 408 416 
570 1013 294 1011 296 1013 294 1011 296 1013 294 1011 296 572 294 1013 
296 1011 294 1013 296 1011 294 1013 296 1011 414 867 408 416 1013 294 
1011 296 1013 294 1011 296 1013 294 1011 296 570 294 1013 296 1011 294 
1013 296 1011 294 1013 296 1011 572 414 408 416 570 1013 294 1011 296 
1013 294 1011 296 1013 294 1011 296 572 294 1013 296 1011 294 1013 296 
1011 294 1013 296 1011 414 m] 846 846 m[ 887 129 683 18 681 20 
683 18 681 20 683 18 681 20 131 18 683 20 681 18 683 20 
681 18 683 20 681 885 m] 848 848 m[ 716 479 183 477 185 479 
183 477 185 479 183 477 185 552 183 479 185 477 183 479 185 477 
183 479 185 477 554 714 746 716 552 479 183 477 185 479 183 477 
185 479 183 477 185 554 183 479 185 477 183 479 185 477 183 479 
185 477 714 746 839 716 479 183 477 185 479 183 477 185 479 183 
477 185 552 183 479 185 477 183 479 185 477 183 479 185 477 554 
714 746 716 552 479 183 477 185 479 183 477 185 479 183 477 185 
554 183 479 185 477 183 479 185 477 183 479 185 477 714 746 839 
m] m[ 827 366 389 129 387 131 389 129 387 131 389 129 387 131 
368 129 389 131 387 129 389 131 387 129 389 131 387 825 m] m[ 
827 389 129 387 131 389 129 387 131 389 129 387 131 366 129 389 
131 387 129 389 131 387 129 389 131 387 368 825 857 827 366 389 
129 387 131 389 129 387 131 389 129 387 131 368 129 389 131 387 
129 389 131 387 129 389 131 387 825 857 m] 884 m[ 863 72 203 
699 201 701 203 699 201 701 203 699 201 701 74 699 203 701 201 
699 203 701 201 699 203 701 201 861 m] 882 774 774 m[ 863 203 
699 201 701 203 699 201 701 203 699 201 701 72 699 203 701 201 
699 203 701 201 699 203 701 201 74 861 m] 776 776 534 534 534 
m[ 893 56 219 54 221 56 219 54 221 56 219 54 221 735 219 
56 221 54 219 56 221 54 219 56 221 54 737 891 887 893 735 
56 219 54 221 56 219 54 221 56 219 54 221 737 219 56 221 
54 219 56 221 54 219 56 221 54 891 887 m] 536 536 536 m[ 
885 87 113 1013 183 1011 185 1013 183 1011 185 1013 183 1011 185 735 
183 1013 185 1011 183 1013 185 1011 183 1013 185 1011 737 111 87 113 
735 1013 183 1011 185 1013 183 1011 185 1013 183 1011 185 737 183 1013 
185 1011 183 1013 185 1011 183 1013 185 1011 111 885 87 113 1013 183 
1011 185 1013 183 1011 185 1013 183 1011 185 735 183 1013 185 1011 183 
1013 185 1011 183 1013 185 1011 737 111 87 113 735 1013 183 1011 185 
1013 183 1011 185 1013 183 1011 185 737 183 1013 185 1011 183 1013 185 
1011 183 1013 185 1011 111 m] m[ 785 923 366 921 368 923 366 921 
368 923 366 921 368 18 366 923 368 921 366 923 368 921 366 923 
368 921 20 783 779 785 18 923 366 921 368 923 366 921 368 923 
366 921 368 20 366 923 368 921 366 923 368 921 366 923 368 921 
783 779 m] m[ 815 54 425 606 423 608 425 606 423 608 425 606 
423 608 56 606 425 608 423 606 425 608 423 606 425 608 423 813 
m] m[ 404 185 588 183 590 185 588 183 590 185 588 183 590 54 
588 185 590 183 588 185 590 183 588 185 590 183 56 402 398 404 
54 185 588 183 590 185 588 183 590 185 588 183 590 56 588 185 
590 183 588 185 590 183 588 185 590 183 402 398 791 404 185 588 
183 590 185 588 183 590 185 588 183 590 54 588 185 590 183 588 
185 590 183 588 185 590 183 56 402 398 404 54 185 588 183 590 
185 588 183 590 185 588 183 590 56 588 185 590 183 588 185 590 
183 588 185 590 183 402 398 791 m] 147 792 774 m[ 815 425 606 
423 608 425 606 423 608 425 606 423 608 54 606 425 608 423 606 
425 608 423 606 425 608 423 56 813 m] 776 794 149 236 219 m[ 
212 497 18 495 20 497 18 495 20 497 18 495 20 516 18 497 
20 495 18 497 20 495 18 497 20 495 518 210 m] 221 234 m[ 
974 848 366 846 368 848 366 846 368 848 366 846 368 681 366 848 
368 846 366 848 368 846 366 848 368 846 683 972 968 974 681 848 
366 846 368 848 366 846 368 848 366 846 368 683 366 848 368 846 
366 848 368 846 366 848 368 846 972 968 158 974 848 366 846 368 
848 366 846 368 848 366 846 368 681 366 848 368 846 366 848 368 
846 366 848 368 846 683 972 968 974 681 848 366 846 368 848 366 
846 368 848 366 846 368 683 366 848 368 846 366 848 368 846 366 
848 368 846 972 968 158 m] 219 219 219 m[ 152 905 516 903 518 
905 516 903 518 905 516 903 518 330 516 905 518 903 516 905 518 
903 516 905 518 903 332 150 m] 221 221 221 m[ 152 330 905 516 
903 518 905 516 903 518 905 516 903 518 332 516 905 518 903 516 
905 518 903 516 905 518 903 150 m] 149 m[ 152 905 516 903 518 
905 516 903 518 905 516 903 518 330 516 905 518 903 516 905 518 
903 516 905 518 903 332 150 m] 147 m[ 152 330 905 516 903 518 
905 516 903 518 905 516 903 518 332 516 905 518 903 516 905 518 
903 516 905 518 903 150 m] m[ 146 830 330 828 332 830 330 828 
332 830 330 828 332 18 330 830 332 828 330 830 332 828 330 830 
332 828 20 144 140 146 18 830 330 828 332 830 330 828 332 830 
330 828 332 20 330 830 332 828 330 830 332 828 330 830 332 828 
144 140 m] m[ 138 777 785 923 366 921 368 923 366 921 368 923 
366 921 368 18 366 923 368 921 366 923 368 921 366 923 368 921 
20 783 777 785 18 923 366 921 368 923 366 921 368 923 366 921 
368 20 366 923 368 921 366 923 368 921 366 923 368 921 783 138 
777 785 923 366 921 368 923 366 921 368 923 366 921 368 18 366 
923 368 921 366 923 368 921 366 923 368 921 20 783 777 785 18 
923 366 921 368 923 366 921 368 923 366 921 368 20 366 923 368 
921 366 923 368 921 366 923 368 921 783 m] m[ 212 516 497 18 
495 20 497 18 495 20 497 18 495 20 518 18 497 20 495 18 
497 20 495 18 497 20 495 210 m] 221 m[ 212 497 18 495 20 
497 18 495 20 497 18 495 20 516 18 497 20 495 18 497 20 
495 18 497 20 495 518 210 m] 219 258 m[ 212 497 18 495 20 
497 18 495 20 497 18 495 20 516 18 497 20 495 18 497 20 
495 18 497 20 495 518 210 134 212 516 497 18 495 20 497 18 
495 20 497 18 495 20 518 18 497 20 495 18 497 20 495 18 
497 20 495 210 134 m] 260 m[ 494 848 0 846 2 848 0 846 
2 848 0 846 2 516 0 848 2 846 0 848 2 846 0 848 
2 846 518 492 398 494 516 848 0 846 2 848 0 846 2 848 
0 846 2 518 0 848 2 846 0 848 2 846 0 848 2 846 
492 398 134 494 848 0 846 2 848 0 846 2 848 0 846 2 
516 0 848 2 846 0 848 2 846 0 848 2 846 518 492 398 
494 516 848 0 846 2 848 0 846 2 848 0 846 2 518 0 
848 2 846 0 848 2 846 0 848 2 846 492 398 134 m] 129 
129 m[ 146 18 830 330 828 332 830 330 828 332 830 330 828 332 
20 330 830 332 828 330 830 332 828 330 830 332 828 144 m] 131 
131 147 m[ 146 830 330 828 332 830 330 828 332 830 330 828 332 
18 330 830 332 828 330 830 332 828 330 830 332 828 20 144 m] 
149 59 m[ 41 497 570 495 572 497 570 495 572 497 570 495 572 
219 570 497 572 495 570 497 572 495 570 497 572 495 221 39 m] 
57 683 59 m[ 41 219 497 570 495 572 497 570 495 572 497 570 
495 572 221 570 497 572 495 570 497 572 495 570 497 572 495 39 
m] 57 681 m[ 684 504 512 959 72 957 74 959 72 957 74 959 
72 957 74 258 72 959 74 957 72 959 74 957 72 959 74 957 
260 510 504 512 258 959 72 957 74 959 72 957 74 959 72 957 
74 260 72 959 74 957 72 959 74 957 72 959 74 957 510 684 
504 512 959 72 957 74 959 72 957 74 959 72 957 74 258 72 
959 74 957 72 959 74 957 72 959 74 957 260 510 504 512 258 
959 72 957 74 959 72 957 74 959 72 957 74 260 72 959 74 
957 72 959 74 957 72 959 74 957 510 m] m[ 668 776 258 774 
260 776 258 774 260 776 258 774 260 570 258 776 260 774 258 776 
260 774 258 776 260 774 572 666 770 668 570 776 258 774 260 776 
258 774 260 776 258 774 260 572 258 776 260 774 258 776 260 774 
258 776 260 774 666 770 m] 755 m[ 668 776 258 774 260 776 258 
774 260 776 258 774 260 570 258 776 260 774 258 776 260 774 258 
776 260 774 572 666 770 668 570 776 258 774 260 776 258 774 260 
776 258 774 260 572 258 776 260 774 258 776 260 774 258 776 260 
774 666 770 m] 753 m[ 821 461 348 459 350 461 348 459 350 461 
348 459 350 570 348 461 350 459 348 461 350 459 348 461 350 459 
572 819 869 821 570 461 348 459 350 461 348 459 350 461 348 459 
350 572 348 461 350 459 348 461 350 459 348 461 350 459 819 869 
770 821 461 348 459 350 461 348 459 350 461 348 459 350 570 348 
461 350 459 348 461 350 459 348 461 350 459 572 819 869 821 570 
461 348 459 350 461 348 459 350 461 348 459 350 572 348 461 350 
459 348 461 350 459 348 461 350 459 819 869 770 m] m[ 371 167 
72 165 74 167 72 165 74 167 72 165 74 516 72 167 74 165 
72 167 74 165 72 167 74 165 518 369 347 371 516 167 72 165 
74 167 72 165 74 167 72 165 74 518 72 167 74 165 72 167 
74 165 72 167 74 165 369 347 764 371 167 72 165 74 167 72 
165 74 167 72 165 74 516 72 167 74 165 72 167 74 165 72 
167 74 165 518 369 347 371 516 167 72 165 74 167 72 165 74 
167 72 165 74 518 72 167 74 165 72 167 74 165 72 167 74 
165 369 347 764 m] 
